Circle architecture tests...
Rectangle architecture tests...
Triangle architecture tests...
ConvexPolygon architecture tests...
Circle tests...
   FAILED test for translate()
Rectangle tests...
   FAILED test for translate()
Triangle tests...
ConvexPolygon tests...
   FAILED test for getArea()
WorkSpace tests...
   COMPILATION ERROR for getTriangles()
   COMPILATION ERROR for getRectangles()
   COMPILATION ERROR for getConvexPolygons()
   FAILED test for getAreaOfAllShapes()

You failed one or more tests.
Tests Passed: 57/64

Your Grade: 90.0%